Determining if the pthread_create exist failed with the following output:
Change Dir: /home/mishenkoil/Desktop/cpp-hw/monte-carlo-genetic-drift-mishenkoil/cmake-build-debug/CMakeFiles/CMakeTmp

Run Build Command:"/usr/bin/make" "cmTC_199ee/fast"
/usr/bin/make -f CMakeFiles/cmTC_199ee.dir/build.make CMakeFiles/cmTC_199ee.dir/build
make[1]: Entering directory '/home/mishenkoil/Desktop/cpp-hw/monte-carlo-genetic-drift-mishenkoil/cmake-build-debug/CMakeFiles/CMakeTmp'
Building C object CMakeFiles/cmTC_199ee.dir/CheckSymbolExists.c.o
/usr/bin/cc    -o CMakeFiles/cmTC_199ee.dir/CheckSymbolExists.c.o   -c /home/mishenkoil/Desktop/cpp-hw/monte-carlo-genetic-drift-mishenkoil/cmake-build-debug/CMakeFiles/CMakeTmp/CheckSymbolExists.c
Linking C executable cmTC_199ee
/opt/clion-2018.2.3/bin/cmake/linux/bin/cmake -E cmake_link_script CMakeFiles/cmTC_199ee.dir/link.txt --verbose=1
/usr/bin/cc      -rdynamic CMakeFiles/cmTC_199ee.dir/CheckSymbolExists.c.o  -o cmTC_199ee 
CMakeFiles/cmTC_199ee.dir/CheckSymbolExists.c.o: In function `main':
CheckSymbolExists.c:(.text+0x1b): undefined reference to `pthread_create'
collect2: error: ld returned 1 exit status
CMakeFiles/cmTC_199ee.dir/build.make:86: recipe for target 'cmTC_199ee' failed
make[1]: *** [cmTC_199ee] Error 1
make[1]: Leaving directory '/home/mishenkoil/Desktop/cpp-hw/monte-carlo-genetic-drift-mishenkoil/cmake-build-debug/CMakeFiles/CMakeTmp'
Makefile:121: recipe for target 'cmTC_199ee/fast' failed
make: *** [cmTC_199ee/fast] Error 2

File /home/mishenkoil/Desktop/cpp-hw/monte-carlo-genetic-drift-mishenkoil/cmake-build-debug/CMakeFiles/CMakeTmp/CheckSymbolExists.c:
/* */
#include <pthread.h>

int main(int argc, char** argv)
{
  (void)argv;
#ifndef pthread_create
  return ((int*)(&pthread_create))[argc];
#else
  (void)argc;
  return 0;
#endif
}

Determining if the function pthread_create exists in the pthreads failed with the following output:
Change Dir: /home/mishenkoil/Desktop/cpp-hw/monte-carlo-genetic-drift-mishenkoil/cmake-build-debug/CMakeFiles/CMakeTmp

Run Build Command:"/usr/bin/make" "cmTC_616eb/fast"
/usr/bin/make -f CMakeFiles/cmTC_616eb.dir/build.make CMakeFiles/cmTC_616eb.dir/build
make[1]: Entering directory '/home/mishenkoil/Desktop/cpp-hw/monte-carlo-genetic-drift-mishenkoil/cmake-build-debug/CMakeFiles/CMakeTmp'
Building C object CMakeFiles/cmTC_616eb.dir/CheckFunctionExists.c.o
/usr/bin/cc   -DCHECK_FUNCTION_EXISTS=pthread_create   -o CMakeFiles/cmTC_616eb.dir/CheckFunctionExists.c.o   -c /opt/clion-2018.2.3/bin/cmake/linux/share/cmake-3.12/Modules/CheckFunctionExists.c
Linking C executable cmTC_616eb
/opt/clion-2018.2.3/bin/cmake/linux/bin/cmake -E cmake_link_script CMakeFiles/cmTC_616eb.dir/link.txt --verbose=1
/usr/bin/cc  -DCHECK_FUNCTION_EXISTS=pthread_create    -rdynamic CMakeFiles/cmTC_616eb.dir/CheckFunctionExists.c.o  -o cmTC_616eb -lpthreads 
/usr/bin/ld: cannot find -lpthreads
collect2: error: ld returned 1 exit status
CMakeFiles/cmTC_616eb.dir/build.make:86: recipe for target 'cmTC_616eb' failed
make[1]: *** [cmTC_616eb] Error 1
make[1]: Leaving directory '/home/mishenkoil/Desktop/cpp-hw/monte-carlo-genetic-drift-mishenkoil/cmake-build-debug/CMakeFiles/CMakeTmp'
Makefile:121: recipe for target 'cmTC_616eb/fast' failed
make: *** [cmTC_616eb/fast] Error 2


